app/build/intermediates/manifest_merge_blame_file/debug/manifest-merger-blame-debug-report.txt
1<?xml version="1.0" encoding="utf-8"?>
2<manifest xmlns:android="http://schemas.android.com/apk/res/android"
3    package="com.example.steganography"
4    android:versionCode="1"
5    android:versionName="1.0" >
6
7    <uses-sdk
8        android:minSdkVersion="26"
8-->src\main\AndroidManifest.xml
9        android:targetSdkVersion="29" />
9-->src\main\AndroidManifest.xml
10
11    <uses-permission android:name="android.permission.CAMERA" />
11-->src\main\AndroidManifest.xml:5:3-62
11-->src\main\AndroidManifest.xml:5:20-60
12    <uses-permission android:name="android.permission.READ_EXTERNAL_STORAGE" />
12-->src\main\AndroidManifest.xml:6:3-77
12-->src\main\AndroidManifest.xml:6:20-75
13    <uses-permission android:name="android.permission.WRITE_EXTERNAL_STORAGE" />
13-->src\main\AndroidManifest.xml:7:3-78
13-->src\main\AndroidManifest.xml:7:20-76
14
15    <application
15-->src\main\AndroidManifest.xml:9:3-50:17
16        android:allowBackup="true"
16-->src\main\AndroidManifest.xml:10:7-33
17        android:appComponentFactory="androidx.core.app.CoreComponentFactory"
17-->[androidx.core:core:1.3.0] AndroidManifest.xml:24:18-86
18        android:debuggable="true"
19        android:extractNativeLibs="false"
20        android:icon="@mipmap/ic_launcher"
20-->src\main\AndroidManifest.xml:11:7-41
21        android:label="@string/app_name"
21-->src\main\AndroidManifest.xml:12:7-39
22        android:supportsRtl="true"
22-->src\main\AndroidManifest.xml:13:7-33
23        android:theme="@style/AppTheme" >
23-->src\main\AndroidManifest.xml:14:7-38
24
25        <!-- If SDK is >=24 we have to use FileProvider to make change -->
26        <provider
26-->src\main\AndroidManifest.xml:17:5-25:16
27            android:name="androidx.core.content.FileProvider"
27-->src\main\AndroidManifest.xml:18:9-58
28            android:authorities="com.example.FileProvider"
28-->src\main\AndroidManifest.xml:19:9-55
29            android:exported="false"
29-->src\main\AndroidManifest.xml:20:9-33
30            android:grantUriPermissions="true" >
30-->src\main\AndroidManifest.xml:21:9-43
31            <meta-data
31-->src\main\AndroidManifest.xml:22:7-24:51
32                android:name="android.support.FILE_PROVIDER_PATHS"
32-->src\main\AndroidManifest.xml:23:11-61
33                android:resource="@xml/provider_paths" />
33-->src\main\AndroidManifest.xml:24:11-49
34        </provider>
35
36        <activity
36-->src\main\AndroidManifest.xml:27:5-35:16
37            android:name="com.example.steganography.MainActivity"
37-->src\main\AndroidManifest.xml:28:9-37
38            android:screenOrientation="portrait" >
38-->src\main\AndroidManifest.xml:29:9-45
39            <intent-filter>
39-->src\main\AndroidManifest.xml:30:7-34:23
40                <action android:name="android.intent.action.MAIN" />
40-->src\main\AndroidManifest.xml:31:9-60
40-->src\main\AndroidManifest.xml:31:17-58
41
42                <category android:name="android.intent.category.LAUNCHER" />
42-->src\main\AndroidManifest.xml:33:9-68
42-->src\main\AndroidManifest.xml:33:19-66
43            </intent-filter>
44        </activity>
45        <activity
45-->src\main\AndroidManifest.xml:36:5-40:16
46            android:name="com.example.steganography.activities.encrypt.EncryptActivity"
46-->src\main\AndroidManifest.xml:37:9-59
47            android:parentActivityName="com.example.steganography.MainActivity"
47-->src\main\AndroidManifest.xml:38:9-51
48            android:screenOrientation="portrait" >
48-->src\main\AndroidManifest.xml:39:9-45
49        </activity>
50        <activity
50-->src\main\AndroidManifest.xml:41:5-45:16
51            android:name="com.example.steganography.activities.stego.StegoActivity"
51-->src\main\AndroidManifest.xml:42:9-55
52            android:parentActivityName="com.example.steganography.activities.encrypt.EncryptActivity"
52-->src\main\AndroidManifest.xml:43:9-73
53            android:screenOrientation="portrait" >
53-->src\main\AndroidManifest.xml:44:9-45
54        </activity>
55        <activity
55-->src\main\AndroidManifest.xml:46:5-49:16
56            android:name="com.example.steganography.activities.decrypt.DecryptActivity"
56-->src\main\AndroidManifest.xml:46:15-65
57            android:parentActivityName="com.example.steganography.MainActivity"
57-->src\main\AndroidManifest.xml:47:15-57
58            android:screenOrientation="portrait" >
58-->src\main\AndroidManifest.xml:48:15-51
59        </activity>
60    </application>
61
62</manifest>